The target system is: Generic -  - 
The host system is: Linux - 6.1.11-1-MANJARO - x86_64
Compiling the C compiler identification source file "CMakeCCompilerId.c" succeeded.
Compiler: /home/gez/sdks/zephyr/toolchains/xtensa-espressif_esp32_zephyr-elf/bin/xtensa-espressif_esp32_zephyr-elf-gcc 
Build flags: -mlongcalls;-Wno-frame-address
Id flags: -c 

The output was:
0


Compilation of the C compiler identification source "CMakeCCompilerId.c" produced "CMakeCCompilerId.o"

The C compiler identification is GNU, found in "/home/gez/workspaces/eclipse/esp_doom/build/esp-idf/build/bootloader/CMakeFiles/3.25.2/CompilerIdC/CMakeCCompilerId.o"

Compiling the CXX compiler identification source file "CMakeCXXCompilerId.cpp" succeeded.
Compiler: /home/gez/sdks/zephyr/toolchains/xtensa-espressif_esp32_zephyr-elf/bin/xtensa-espressif_esp32_zephyr-elf-g++ 
Build flags: -mlongcalls;-Wno-frame-address
Id flags: -c 

The output was:
0


Compilation of the CXX compiler identification source "CMakeCXXCompilerId.cpp" produced "CMakeCXXCompilerId.o"

The CXX compiler identification is GNU, found in "/home/gez/workspaces/eclipse/esp_doom/build/esp-idf/build/bootloader/CMakeFiles/3.25.2/CompilerIdCXX/CMakeCXXCompilerId.o"

Checking whether the ASM compiler is GNU using "--version" matched "(GNU assembler)|(GCC)|(Free Software Foundation)":
xtensa-espressif_esp32_zephyr-elf-gcc (Zephyr SDK 0.15.0) 12.1.0
Copyright (C) 2022 Free Software Foundation, Inc.
This is free software; see the source for copying conditions.  There is NO
warranty; not even for MERCHANTABILITY or FITNESS FOR A PARTICULAR PURPOSE.

Detecting C compiler ABI info compiled with the following output:
Change Dir: /home/gez/workspaces/eclipse/esp_doom/build/esp-idf/build/bootloader/CMakeFiles/CMakeScratch/TryCompile-NBiRoe

Run Build Command(s):/usr/bin/ninja cmTC_dab01 && [1/2] Building C object CMakeFiles/cmTC_dab01.dir/CMakeCCompilerABI.c.obj
Using built-in specs.
COLLECT_GCC=/home/gez/sdks/zephyr/toolchains/xtensa-espressif_esp32_zephyr-elf/bin/xtensa-espressif_esp32_zephyr-elf-gcc
Target: xtensa-espressif_esp32_zephyr-elf
Configured with: /__w/_temp/workspace/build/.build/xtensa-espressif_esp32_zephyr-elf/src/gcc/configure --build=x86_64-build_pc-linux-gnu --host=x86_64-build_pc-linux-gnu --target=xtensa-espressif_esp32_zephyr-elf --prefix=/__w/_temp/workspace/output/xtensa-espressif_esp32_zephyr-elf --exec_prefix=/__w/_temp/workspace/output/xtensa-espressif_esp32_zephyr-elf --with-local-prefix=/__w/_temp/workspace/output/xtensa-espressif_esp32_zephyr-elf/xtensa-espressif_esp32_zephyr-elf --with-headers=/__w/_temp/workspace/output/xtensa-espressif_esp32_zephyr-elf/xtensa-espressif_esp32_zephyr-elf/include --with-newlib --enable-threads=no --disable-shared --with-pkgversion='Zephyr SDK 0.15.0' --with-bugurl=https://github.com/zephyrproject-rtos/sdk-ng/issues --enable-__cxa_atexit --disable-libgomp --disable-libmudflap --disable-libmpx --disable-libssp --disable-libquadmath --disable-libquadmath-support --disable-libstdcxx-verbose --with-gmp=/__w/_temp/workspace/build/.build/xtensa-espressif_esp32_zephyr-elf/buildtools --with-mpfr=/__w/_temp/workspace/build/.build/xtensa-espressif_esp32_zephyr-elf/buildtools --with-mpc=/__w/_temp/workspace/build/.build/xtensa-espressif_esp32_zephyr-elf/buildtools --with-isl=/__w/_temp/workspace/build/.build/xtensa-espressif_esp32_zephyr-elf/buildtools --enable-lto --enable-target-optspace --disable-nls --disable-multilib --enable-languages=c,c++ --with-gnu-ld --with-gnu-as --enable-initfini-array
Thread model: single
Supported LTO compression algorithms: zlib
gcc version 12.1.0 (Zephyr SDK 0.15.0) 
COLLECT_GCC_OPTIONS='-mlongcalls' '-Wno-frame-address' '-v' '-o' 'CMakeFiles/cmTC_dab01.dir/CMakeCCompilerABI.c.obj' '-c' '-dumpdir' 'CMakeFiles/cmTC_dab01.dir/'
 /home/gez/sdks/zephyr/toolchains/xtensa-espressif_esp32_zephyr-elf/bin/../libexec/gcc/xtensa-espressif_esp32_zephyr-elf/12.1.0/cc1 -quiet -v -iprefix /home/gez/sdks/zephyr/toolchains/xtensa-espressif_esp32_zephyr-elf/bin/../lib/gcc/xtensa-espressif_esp32_zephyr-elf/12.1.0/ /usr/share/cmake/Modules/CMakeCCompilerABI.c -quiet -dumpdir CMakeFiles/cmTC_dab01.dir/ -dumpbase CMakeCCompilerABI.c.c -dumpbase-ext .c -mlongcalls -Wno-frame-address -version -o /tmp/ccEykYLN.s
GNU C17 (Zephyr SDK 0.15.0) version 12.1.0 (xtensa-espressif_esp32_zephyr-elf)
	compiled by GNU C version 7.5.0, GMP version 6.2.1, MPFR version 4.1.0, MPC version 1.2.1, isl version isl-0.24-GMP

GGC heuristics: --param ggc-min-expand=100 --param ggc-min-heapsize=131072
ignoring duplicate directory "/home/gez/sdks/zephyr/toolchains/xtensa-espressif_esp32_zephyr-elf/bin/../lib/gcc/../../lib/gcc/xtensa-espressif_esp32_zephyr-elf/12.1.0/include"
ignoring duplicate directory "/home/gez/sdks/zephyr/toolchains/xtensa-espressif_esp32_zephyr-elf/bin/../lib/gcc/../../lib/gcc/xtensa-espressif_esp32_zephyr-elf/12.1.0/include-fixed"
ignoring duplicate directory "/home/gez/sdks/zephyr/toolchains/xtensa-espressif_esp32_zephyr-elf/bin/../lib/gcc/../../lib/gcc/xtensa-espressif_esp32_zephyr-elf/12.1.0/../../../../xtensa-espressif_esp32_zephyr-elf/sys-include"
ignoring duplicate directory "/home/gez/sdks/zephyr/toolchains/xtensa-espressif_esp32_zephyr-elf/bin/../lib/gcc/../../lib/gcc/xtensa-espressif_esp32_zephyr-elf/12.1.0/../../../../xtensa-espressif_esp32_zephyr-elf/include"
#include "..." search starts here:
#include <...> search starts here:
 /home/gez/sdks/zephyr/toolchains/xtensa-espressif_esp32_zephyr-elf/bin/../lib/gcc/xtensa-espressif_esp32_zephyr-elf/12.1.0/include
 /home/gez/sdks/zephyr/toolchains/xtensa-espressif_esp32_zephyr-elf/bin/../lib/gcc/xtensa-espressif_esp32_zephyr-elf/12.1.0/include-fixed
 /home/gez/sdks/zephyr/toolchains/xtensa-espressif_esp32_zephyr-elf/bin/../lib/gcc/xtensa-espressif_esp32_zephyr-elf/12.1.0/../../../../xtensa-espressif_esp32_zephyr-elf/sys-include
 /home/gez/sdks/zephyr/toolchains/xtensa-espressif_esp32_zephyr-elf/bin/../lib/gcc/xtensa-espressif_esp32_zephyr-elf/12.1.0/../../../../xtensa-espressif_esp32_zephyr-elf/include
End of search list.
GNU C17 (Zephyr SDK 0.15.0) version 12.1.0 (xtensa-espressif_esp32_zephyr-elf)
	compiled by GNU C version 7.5.0, GMP version 6.2.1, MPFR version 4.1.0, MPC version 1.2.1, isl version isl-0.24-GMP

GGC heuristics: --param ggc-min-expand=100 --param ggc-min-heapsize=131072
Compiler executable checksum: e61c0222e4a8e917c683c2ded5a760fc
COLLECT_GCC_OPTIONS='-mlongcalls' '-Wno-frame-address' '-v' '-o' 'CMakeFiles/cmTC_dab01.dir/CMakeCCompilerABI.c.obj' '-c' '-dumpdir' 'CMakeFiles/cmTC_dab01.dir/'
 /home/gez/sdks/zephyr/toolchains/xtensa-espressif_esp32_zephyr-elf/bin/../lib/gcc/xtensa-espressif_esp32_zephyr-elf/12.1.0/../../../../xtensa-espressif_esp32_zephyr-elf/bin/as -v --traditional-format --longcalls -o CMakeFiles/cmTC_dab01.dir/CMakeCCompilerABI.c.obj /tmp/ccEykYLN.s
GNU assembler version 2.38 (xtensa-espressif_esp32_zephyr-elf) using BFD version (Zephyr SDK 0.15.0) 2.38
COMPILER_PATH=/home/gez/sdks/zephyr/toolchains/xtensa-espressif_esp32_zephyr-elf/bin/../libexec/gcc/xtensa-espressif_esp32_zephyr-elf/12.1.0/:/home/gez/sdks/zephyr/toolchains/xtensa-espressif_esp32_zephyr-elf/bin/../libexec/gcc/:/home/gez/sdks/zephyr/toolchains/xtensa-espressif_esp32_zephyr-elf/bin/../lib/gcc/xtensa-espressif_esp32_zephyr-elf/12.1.0/../../../../xtensa-espressif_esp32_zephyr-elf/bin/
LIBRARY_PATH=/home/gez/sdks/zephyr/toolchains/xtensa-espressif_esp32_zephyr-elf/bin/../lib/gcc/xtensa-espressif_esp32_zephyr-elf/12.1.0/:/home/gez/sdks/zephyr/toolchains/xtensa-espressif_esp32_zephyr-elf/bin/../lib/gcc/:/home/gez/sdks/zephyr/toolchains/xtensa-espressif_esp32_zephyr-elf/bin/../lib/gcc/xtensa-espressif_esp32_zephyr-elf/12.1.0/../../../../xtensa-espressif_esp32_zephyr-elf/lib/
COLLECT_GCC_OPTIONS='-mlongcalls' '-Wno-frame-address' '-v' '-o' 'CMakeFiles/cmTC_dab01.dir/CMakeCCompilerABI.c.obj' '-c' '-dumpdir' 'CMakeFiles/cmTC_dab01.dir/CMakeCCompilerABI.c.'
[2/2] Linking C executable cmTC_dab01
Using built-in specs.
COLLECT_GCC=/home/gez/sdks/zephyr/toolchains/xtensa-espressif_esp32_zephyr-elf/bin/xtensa-espressif_esp32_zephyr-elf-gcc
COLLECT_LTO_WRAPPER=/home/gez/sdks/zephyr/toolchains/xtensa-espressif_esp32_zephyr-elf/bin/../libexec/gcc/xtensa-espressif_esp32_zephyr-elf/12.1.0/lto-wrapper
Target: xtensa-espressif_esp32_zephyr-elf
Configured with: /__w/_temp/workspace/build/.build/xtensa-espressif_esp32_zephyr-elf/src/gcc/configure --build=x86_64-build_pc-linux-gnu --host=x86_64-build_pc-linux-gnu --target=xtensa-espressif_esp32_zephyr-elf --prefix=/__w/_temp/workspace/output/xtensa-espressif_esp32_zephyr-elf --exec_prefix=/__w/_temp/workspace/output/xtensa-espressif_esp32_zephyr-elf --with-local-prefix=/__w/_temp/workspace/output/xtensa-espressif_esp32_zephyr-elf/xtensa-espressif_esp32_zephyr-elf --with-headers=/__w/_temp/workspace/output/xtensa-espressif_esp32_zephyr-elf/xtensa-espressif_esp32_zephyr-elf/include --with-newlib --enable-threads=no --disable-shared --with-pkgversion='Zephyr SDK 0.15.0' --with-bugurl=https://github.com/zephyrproject-rtos/sdk-ng/issues --enable-__cxa_atexit --disable-libgomp --disable-libmudflap --disable-libmpx --disable-libssp --disable-libquadmath --disable-libquadmath-support --disable-libstdcxx-verbose --with-gmp=/__w/_temp/workspace/build/.build/xtensa-espressif_esp32_zephyr-elf/buildtools --with-mpfr=/__w/_temp/workspace/build/.build/xtensa-espressif_esp32_zephyr-elf/buildtools --with-mpc=/__w/_temp/workspace/build/.build/xtensa-espressif_esp32_zephyr-elf/buildtools --with-isl=/__w/_temp/workspace/build/.build/xtensa-espressif_esp32_zephyr-elf/buildtools --enable-lto --enable-target-optspace --disable-nls --disable-multilib --enable-languages=c,c++ --with-gnu-ld --with-gnu-as --enable-initfini-array
Thread model: single
Supported LTO compression algorithms: zlib
gcc version 12.1.0 (Zephyr SDK 0.15.0) 
COMPILER_PATH=/home/gez/sdks/zephyr/toolchains/xtensa-espressif_esp32_zephyr-elf/bin/../libexec/gcc/xtensa-espressif_esp32_zephyr-elf/12.1.0/:/home/gez/sdks/zephyr/toolchains/xtensa-espressif_esp32_zephyr-elf/bin/../libexec/gcc/:/home/gez/sdks/zephyr/toolchains/xtensa-espressif_esp32_zephyr-elf/bin/../lib/gcc/xtensa-espressif_esp32_zephyr-elf/12.1.0/../../../../xtensa-espressif_esp32_zephyr-elf/bin/
LIBRARY_PATH=/home/gez/sdks/zephyr/toolchains/xtensa-espressif_esp32_zephyr-elf/bin/../lib/gcc/xtensa-espressif_esp32_zephyr-elf/12.1.0/:/home/gez/sdks/zephyr/toolchains/xtensa-espressif_esp32_zephyr-elf/bin/../lib/gcc/:/home/gez/sdks/zephyr/toolchains/xtensa-espressif_esp32_zephyr-elf/bin/../lib/gcc/xtensa-espressif_esp32_zephyr-elf/12.1.0/../../../../xtensa-espressif_esp32_zephyr-elf/lib/
COLLECT_GCC_OPTIONS='-mlongcalls' '-Wno-frame-address' '-nostartfiles' '-nodefaultlibs' '-v' '-o' 'cmTC_dab01' '-dumpdir' 'cmTC_dab01.'
 /home/gez/sdks/zephyr/toolchains/xtensa-espressif_esp32_zephyr-elf/bin/../libexec/gcc/xtensa-espressif_esp32_zephyr-elf/12.1.0/collect2 -plugin /home/gez/sdks/zephyr/toolchains/xtensa-espressif_esp32_zephyr-elf/bin/../libexec/gcc/xtensa-espressif_esp32_zephyr-elf/12.1.0/liblto_plugin.so -plugin-opt=/home/gez/sdks/zephyr/toolchains/xtensa-espressif_esp32_zephyr-elf/bin/../libexec/gcc/xtensa-espressif_esp32_zephyr-elf/12.1.0/lto-wrapper -plugin-opt=-fresolution=/tmp/ccFAQEgp.res -o cmTC_dab01 -L/home/gez/sdks/zephyr/toolchains/xtensa-espressif_esp32_zephyr-elf/bin/../lib/gcc/xtensa-espressif_esp32_zephyr-elf/12.1.0 -L/home/gez/sdks/zephyr/toolchains/xtensa-espressif_esp32_zephyr-elf/bin/../lib/gcc -L/home/gez/sdks/zephyr/toolchains/xtensa-espressif_esp32_zephyr-elf/bin/../lib/gcc/xtensa-espressif_esp32_zephyr-elf/12.1.0/../../../../xtensa-espressif_esp32_zephyr-elf/lib CMakeFiles/cmTC_dab01.dir/CMakeCCompilerABI.c.obj
/home/gez/sdks/zephyr/toolchains/xtensa-espressif_esp32_zephyr-elf/bin/../lib/gcc/xtensa-espressif_esp32_zephyr-elf/12.1.0/../../../../xtensa-espressif_esp32_zephyr-elf/bin/ld: warning: cannot find entry symbol _start; defaulting to 0000000000400054
COLLECT_GCC_OPTIONS='-mlongcalls' '-Wno-frame-address' '-nostartfiles' '-nodefaultlibs' '-v' '-o' 'cmTC_dab01' '-dumpdir' 'cmTC_dab01.'



Parsed C implicit include dir info from above output: rv=done
  found start of include info
  found start of implicit include info
    add: [/home/gez/sdks/zephyr/toolchains/xtensa-espressif_esp32_zephyr-elf/bin/../lib/gcc/xtensa-espressif_esp32_zephyr-elf/12.1.0/include]
    add: [/home/gez/sdks/zephyr/toolchains/xtensa-espressif_esp32_zephyr-elf/bin/../lib/gcc/xtensa-espressif_esp32_zephyr-elf/12.1.0/include-fixed]
    add: [/home/gez/sdks/zephyr/toolchains/xtensa-espressif_esp32_zephyr-elf/bin/../lib/gcc/xtensa-espressif_esp32_zephyr-elf/12.1.0/../../../../xtensa-espressif_esp32_zephyr-elf/sys-include]
    add: [/home/gez/sdks/zephyr/toolchains/xtensa-espressif_esp32_zephyr-elf/bin/../lib/gcc/xtensa-espressif_esp32_zephyr-elf/12.1.0/../../../../xtensa-espressif_esp32_zephyr-elf/include]
  end of search list found
  collapse include dir [/home/gez/sdks/zephyr/toolchains/xtensa-espressif_esp32_zephyr-elf/bin/../lib/gcc/xtensa-espressif_esp32_zephyr-elf/12.1.0/include] ==> [/home/gez/sdks/zephyr/toolchains/xtensa-espressif_esp32_zephyr-elf/lib/gcc/xtensa-espressif_esp32_zephyr-elf/12.1.0/include]
  collapse include dir [/home/gez/sdks/zephyr/toolchains/xtensa-espressif_esp32_zephyr-elf/bin/../lib/gcc/xtensa-espressif_esp32_zephyr-elf/12.1.0/include-fixed] ==> [/home/gez/sdks/zephyr/toolchains/xtensa-espressif_esp32_zephyr-elf/lib/gcc/xtensa-espressif_esp32_zephyr-elf/12.1.0/include-fixed]
  collapse include dir [/home/gez/sdks/zephyr/toolchains/xtensa-espressif_esp32_zephyr-elf/bin/../lib/gcc/xtensa-espressif_esp32_zephyr-elf/12.1.0/../../../../xtensa-espressif_esp32_zephyr-elf/sys-include] ==> [/home/gez/sdks/zephyr/toolchains/xtensa-espressif_esp32_zephyr-elf/xtensa-espressif_esp32_zephyr-elf/sys-include]
  collapse include dir [/home/gez/sdks/zephyr/toolchains/xtensa-espressif_esp32_zephyr-elf/bin/../lib/gcc/xtensa-espressif_esp32_zephyr-elf/12.1.0/../../../../xtensa-espressif_esp32_zephyr-elf/include] ==> [/home/gez/sdks/zephyr/toolchains/xtensa-espressif_esp32_zephyr-elf/xtensa-espressif_esp32_zephyr-elf/include]
  implicit include dirs: [/home/gez/sdks/zephyr/toolchains/xtensa-espressif_esp32_zephyr-elf/lib/gcc/xtensa-espressif_esp32_zephyr-elf/12.1.0/include;/home/gez/sdks/zephyr/toolchains/xtensa-espressif_esp32_zephyr-elf/lib/gcc/xtensa-espressif_esp32_zephyr-elf/12.1.0/include-fixed;/home/gez/sdks/zephyr/toolchains/xtensa-espressif_esp32_zephyr-elf/xtensa-espressif_esp32_zephyr-elf/sys-include;/home/gez/sdks/zephyr/toolchains/xtensa-espressif_esp32_zephyr-elf/xtensa-espressif_esp32_zephyr-elf/include]


Parsed C implicit link information from above output:
  link line regex: [^( *|.*[/\])(xtensa-espressif_esp32_zephyr-elf-ld|CMAKE_LINK_STARTFILE-NOTFOUND|([^/\]+-)?ld|collect2)[^/\]*( |$)]
  ignore line: [Change Dir: /home/gez/workspaces/eclipse/esp_doom/build/esp-idf/build/bootloader/CMakeFiles/CMakeScratch/TryCompile-NBiRoe]
  ignore line: []
  ignore line: [Run Build Command(s):/usr/bin/ninja cmTC_dab01 && [1/2] Building C object CMakeFiles/cmTC_dab01.dir/CMakeCCompilerABI.c.obj]
  ignore line: [Using built-in specs.]
  ignore line: [COLLECT_GCC=/home/gez/sdks/zephyr/toolchains/xtensa-espressif_esp32_zephyr-elf/bin/xtensa-espressif_esp32_zephyr-elf-gcc]
  ignore line: [Target: xtensa-espressif_esp32_zephyr-elf]
  ignore line: [Configured with: /__w/_temp/workspace/build/.build/xtensa-espressif_esp32_zephyr-elf/src/gcc/configure --build=x86_64-build_pc-linux-gnu --host=x86_64-build_pc-linux-gnu --target=xtensa-espressif_esp32_zephyr-elf --prefix=/__w/_temp/workspace/output/xtensa-espressif_esp32_zephyr-elf --exec_prefix=/__w/_temp/workspace/output/xtensa-espressif_esp32_zephyr-elf --with-local-prefix=/__w/_temp/workspace/output/xtensa-espressif_esp32_zephyr-elf/xtensa-espressif_esp32_zephyr-elf --with-headers=/__w/_temp/workspace/output/xtensa-espressif_esp32_zephyr-elf/xtensa-espressif_esp32_zephyr-elf/include --with-newlib --enable-threads=no --disable-shared --with-pkgversion='Zephyr SDK 0.15.0' --with-bugurl=https://github.com/zephyrproject-rtos/sdk-ng/issues --enable-__cxa_atexit --disable-libgomp --disable-libmudflap --disable-libmpx --disable-libssp --disable-libquadmath --disable-libquadmath-support --disable-libstdcxx-verbose --with-gmp=/__w/_temp/workspace/build/.build/xtensa-espressif_esp32_zephyr-elf/buildtools --with-mpfr=/__w/_temp/workspace/build/.build/xtensa-espressif_esp32_zephyr-elf/buildtools --with-mpc=/__w/_temp/workspace/build/.build/xtensa-espressif_esp32_zephyr-elf/buildtools --with-isl=/__w/_temp/workspace/build/.build/xtensa-espressif_esp32_zephyr-elf/buildtools --enable-lto --enable-target-optspace --disable-nls --disable-multilib --enable-languages=c,c++ --with-gnu-ld --with-gnu-as --enable-initfini-array]
  ignore line: [Thread model: single]
  ignore line: [Supported LTO compression algorithms: zlib]
  ignore line: [gcc version 12.1.0 (Zephyr SDK 0.15.0) ]
  ignore line: [COLLECT_GCC_OPTIONS='-mlongcalls' '-Wno-frame-address' '-v' '-o' 'CMakeFiles/cmTC_dab01.dir/CMakeCCompilerABI.c.obj' '-c' '-dumpdir' 'CMakeFiles/cmTC_dab01.dir/']
  ignore line: [ /home/gez/sdks/zephyr/toolchains/xtensa-espressif_esp32_zephyr-elf/bin/../libexec/gcc/xtensa-espressif_esp32_zephyr-elf/12.1.0/cc1 -quiet -v -iprefix /home/gez/sdks/zephyr/toolchains/xtensa-espressif_esp32_zephyr-elf/bin/../lib/gcc/xtensa-espressif_esp32_zephyr-elf/12.1.0/ /usr/share/cmake/Modules/CMakeCCompilerABI.c -quiet -dumpdir CMakeFiles/cmTC_dab01.dir/ -dumpbase CMakeCCompilerABI.c.c -dumpbase-ext .c -mlongcalls -Wno-frame-address -version -o /tmp/ccEykYLN.s]
  ignore line: [GNU C17 (Zephyr SDK 0.15.0) version 12.1.0 (xtensa-espressif_esp32_zephyr-elf)]
  ignore line: [	compiled by GNU C version 7.5.0  GMP version 6.2.1  MPFR version 4.1.0  MPC version 1.2.1  isl version isl-0.24-GMP]
  ignore line: []
  ignore line: [GGC heuristics: --param ggc-min-expand=100 --param ggc-min-heapsize=131072]
  ignore line: [ignoring duplicate directory "/home/gez/sdks/zephyr/toolchains/xtensa-espressif_esp32_zephyr-elf/bin/../lib/gcc/../../lib/gcc/xtensa-espressif_esp32_zephyr-elf/12.1.0/include"]
  ignore line: [ignoring duplicate directory "/home/gez/sdks/zephyr/toolchains/xtensa-espressif_esp32_zephyr-elf/bin/../lib/gcc/../../lib/gcc/xtensa-espressif_esp32_zephyr-elf/12.1.0/include-fixed"]
  ignore line: [ignoring duplicate directory "/home/gez/sdks/zephyr/toolchains/xtensa-espressif_esp32_zephyr-elf/bin/../lib/gcc/../../lib/gcc/xtensa-espressif_esp32_zephyr-elf/12.1.0/../../../../xtensa-espressif_esp32_zephyr-elf/sys-include"]
  ignore line: [ignoring duplicate directory "/home/gez/sdks/zephyr/toolchains/xtensa-espressif_esp32_zephyr-elf/bin/../lib/gcc/../../lib/gcc/xtensa-espressif_esp32_zephyr-elf/12.1.0/../../../../xtensa-espressif_esp32_zephyr-elf/include"]
  ignore line: [#include "..." search starts here:]
  ignore line: [#include <...> search starts here:]
  ignore line: [ /home/gez/sdks/zephyr/toolchains/xtensa-espressif_esp32_zephyr-elf/bin/../lib/gcc/xtensa-espressif_esp32_zephyr-elf/12.1.0/include]
  ignore line: [ /home/gez/sdks/zephyr/toolchains/xtensa-espressif_esp32_zephyr-elf/bin/../lib/gcc/xtensa-espressif_esp32_zephyr-elf/12.1.0/include-fixed]
  ignore line: [ /home/gez/sdks/zephyr/toolchains/xtensa-espressif_esp32_zephyr-elf/bin/../lib/gcc/xtensa-espressif_esp32_zephyr-elf/12.1.0/../../../../xtensa-espressif_esp32_zephyr-elf/sys-include]
  ignore line: [ /home/gez/sdks/zephyr/toolchains/xtensa-espressif_esp32_zephyr-elf/bin/../lib/gcc/xtensa-espressif_esp32_zephyr-elf/12.1.0/../../../../xtensa-espressif_esp32_zephyr-elf/include]
  ignore line: [End of search list.]
  ignore line: [GNU C17 (Zephyr SDK 0.15.0) version 12.1.0 (xtensa-espressif_esp32_zephyr-elf)]
  ignore line: [	compiled by GNU C version 7.5.0  GMP version 6.2.1  MPFR version 4.1.0  MPC version 1.2.1  isl version isl-0.24-GMP]
  ignore line: []
  ignore line: [GGC heuristics: --param ggc-min-expand=100 --param ggc-min-heapsize=131072]
  ignore line: [Compiler executable checksum: e61c0222e4a8e917c683c2ded5a760fc]
  ignore line: [COLLECT_GCC_OPTIONS='-mlongcalls' '-Wno-frame-address' '-v' '-o' 'CMakeFiles/cmTC_dab01.dir/CMakeCCompilerABI.c.obj' '-c' '-dumpdir' 'CMakeFiles/cmTC_dab01.dir/']
  ignore line: [ /home/gez/sdks/zephyr/toolchains/xtensa-espressif_esp32_zephyr-elf/bin/../lib/gcc/xtensa-espressif_esp32_zephyr-elf/12.1.0/../../../../xtensa-espressif_esp32_zephyr-elf/bin/as -v --traditional-format --longcalls -o CMakeFiles/cmTC_dab01.dir/CMakeCCompilerABI.c.obj /tmp/ccEykYLN.s]
  ignore line: [GNU assembler version 2.38 (xtensa-espressif_esp32_zephyr-elf) using BFD version (Zephyr SDK 0.15.0) 2.38]
  ignore line: [COMPILER_PATH=/home/gez/sdks/zephyr/toolchains/xtensa-espressif_esp32_zephyr-elf/bin/../libexec/gcc/xtensa-espressif_esp32_zephyr-elf/12.1.0/:/home/gez/sdks/zephyr/toolchains/xtensa-espressif_esp32_zephyr-elf/bin/../libexec/gcc/:/home/gez/sdks/zephyr/toolchains/xtensa-espressif_esp32_zephyr-elf/bin/../lib/gcc/xtensa-espressif_esp32_zephyr-elf/12.1.0/../../../../xtensa-espressif_esp32_zephyr-elf/bin/]
  ignore line: [LIBRARY_PATH=/home/gez/sdks/zephyr/toolchains/xtensa-espressif_esp32_zephyr-elf/bin/../lib/gcc/xtensa-espressif_esp32_zephyr-elf/12.1.0/:/home/gez/sdks/zephyr/toolchains/xtensa-espressif_esp32_zephyr-elf/bin/../lib/gcc/:/home/gez/sdks/zephyr/toolchains/xtensa-espressif_esp32_zephyr-elf/bin/../lib/gcc/xtensa-espressif_esp32_zephyr-elf/12.1.0/../../../../xtensa-espressif_esp32_zephyr-elf/lib/]
  ignore line: [COLLECT_GCC_OPTIONS='-mlongcalls' '-Wno-frame-address' '-v' '-o' 'CMakeFiles/cmTC_dab01.dir/CMakeCCompilerABI.c.obj' '-c' '-dumpdir' 'CMakeFiles/cmTC_dab01.dir/CMakeCCompilerABI.c.']
  ignore line: [[2/2] Linking C executable cmTC_dab01]
  ignore line: [Using built-in specs.]
  ignore line: [COLLECT_GCC=/home/gez/sdks/zephyr/toolchains/xtensa-espressif_esp32_zephyr-elf/bin/xtensa-espressif_esp32_zephyr-elf-gcc]
  ignore line: [COLLECT_LTO_WRAPPER=/home/gez/sdks/zephyr/toolchains/xtensa-espressif_esp32_zephyr-elf/bin/../libexec/gcc/xtensa-espressif_esp32_zephyr-elf/12.1.0/lto-wrapper]
  ignore line: [Target: xtensa-espressif_esp32_zephyr-elf]
  ignore line: [Configured with: /__w/_temp/workspace/build/.build/xtensa-espressif_esp32_zephyr-elf/src/gcc/configure --build=x86_64-build_pc-linux-gnu --host=x86_64-build_pc-linux-gnu --target=xtensa-espressif_esp32_zephyr-elf --prefix=/__w/_temp/workspace/output/xtensa-espressif_esp32_zephyr-elf --exec_prefix=/__w/_temp/workspace/output/xtensa-espressif_esp32_zephyr-elf --with-local-prefix=/__w/_temp/workspace/output/xtensa-espressif_esp32_zephyr-elf/xtensa-espressif_esp32_zephyr-elf --with-headers=/__w/_temp/workspace/output/xtensa-espressif_esp32_zephyr-elf/xtensa-espressif_esp32_zephyr-elf/include --with-newlib --enable-threads=no --disable-shared --with-pkgversion='Zephyr SDK 0.15.0' --with-bugurl=https://github.com/zephyrproject-rtos/sdk-ng/issues --enable-__cxa_atexit --disable-libgomp --disable-libmudflap --disable-libmpx --disable-libssp --disable-libquadmath --disable-libquadmath-support --disable-libstdcxx-verbose --with-gmp=/__w/_temp/workspace/build/.build/xtensa-espressif_esp32_zephyr-elf/buildtools --with-mpfr=/__w/_temp/workspace/build/.build/xtensa-espressif_esp32_zephyr-elf/buildtools --with-mpc=/__w/_temp/workspace/build/.build/xtensa-espressif_esp32_zephyr-elf/buildtools --with-isl=/__w/_temp/workspace/build/.build/xtensa-espressif_esp32_zephyr-elf/buildtools --enable-lto --enable-target-optspace --disable-nls --disable-multilib --enable-languages=c,c++ --with-gnu-ld --with-gnu-as --enable-initfini-array]
  ignore line: [Thread model: single]
  ignore line: [Supported LTO compression algorithms: zlib]
  ignore line: [gcc version 12.1.0 (Zephyr SDK 0.15.0) ]
  ignore line: [COMPILER_PATH=/home/gez/sdks/zephyr/toolchains/xtensa-espressif_esp32_zephyr-elf/bin/../libexec/gcc/xtensa-espressif_esp32_zephyr-elf/12.1.0/:/home/gez/sdks/zephyr/toolchains/xtensa-espressif_esp32_zephyr-elf/bin/../libexec/gcc/:/home/gez/sdks/zephyr/toolchains/xtensa-espressif_esp32_zephyr-elf/bin/../lib/gcc/xtensa-espressif_esp32_zephyr-elf/12.1.0/../../../../xtensa-espressif_esp32_zephyr-elf/bin/]
  ignore line: [LIBRARY_PATH=/home/gez/sdks/zephyr/toolchains/xtensa-espressif_esp32_zephyr-elf/bin/../lib/gcc/xtensa-espressif_esp32_zephyr-elf/12.1.0/:/home/gez/sdks/zephyr/toolchains/xtensa-espressif_esp32_zephyr-elf/bin/../lib/gcc/:/home/gez/sdks/zephyr/toolchains/xtensa-espressif_esp32_zephyr-elf/bin/../lib/gcc/xtensa-espressif_esp32_zephyr-elf/12.1.0/../../../../xtensa-espressif_esp32_zephyr-elf/lib/]
  ignore line: [COLLECT_GCC_OPTIONS='-mlongcalls' '-Wno-frame-address' '-nostartfiles' '-nodefaultlibs' '-v' '-o' 'cmTC_dab01' '-dumpdir' 'cmTC_dab01.']
  link line: [ /home/gez/sdks/zephyr/toolchains/xtensa-espressif_esp32_zephyr-elf/bin/../libexec/gcc/xtensa-espressif_esp32_zephyr-elf/12.1.0/collect2 -plugin /home/gez/sdks/zephyr/toolchains/xtensa-espressif_esp32_zephyr-elf/bin/../libexec/gcc/xtensa-espressif_esp32_zephyr-elf/12.1.0/liblto_plugin.so -plugin-opt=/home/gez/sdks/zephyr/toolchains/xtensa-espressif_esp32_zephyr-elf/bin/../libexec/gcc/xtensa-espressif_esp32_zephyr-elf/12.1.0/lto-wrapper -plugin-opt=-fresolution=/tmp/ccFAQEgp.res -o cmTC_dab01 -L/home/gez/sdks/zephyr/toolchains/xtensa-espressif_esp32_zephyr-elf/bin/../lib/gcc/xtensa-espressif_esp32_zephyr-elf/12.1.0 -L/home/gez/sdks/zephyr/toolchains/xtensa-espressif_esp32_zephyr-elf/bin/../lib/gcc -L/home/gez/sdks/zephyr/toolchains/xtensa-espressif_esp32_zephyr-elf/bin/../lib/gcc/xtensa-espressif_esp32_zephyr-elf/12.1.0/../../../../xtensa-espressif_esp32_zephyr-elf/lib CMakeFiles/cmTC_dab01.dir/CMakeCCompilerABI.c.obj]
    arg [/home/gez/sdks/zephyr/toolchains/xtensa-espressif_esp32_zephyr-elf/bin/../libexec/gcc/xtensa-espressif_esp32_zephyr-elf/12.1.0/collect2] ==> ignore
    arg [-plugin] ==> ignore
    arg [/home/gez/sdks/zephyr/toolchains/xtensa-espressif_esp32_zephyr-elf/bin/../libexec/gcc/xtensa-espressif_esp32_zephyr-elf/12.1.0/liblto_plugin.so] ==> ignore
    arg [-plugin-opt=/home/gez/sdks/zephyr/toolchains/xtensa-espressif_esp32_zephyr-elf/bin/../libexec/gcc/xtensa-espressif_esp32_zephyr-elf/12.1.0/lto-wrapper] ==> ignore
    arg [-plugin-opt=-fresolution=/tmp/ccFAQEgp.res] ==> ignore
    arg [-o] ==> ignore
    arg [cmTC_dab01] ==> ignore
    arg [-L/home/gez/sdks/zephyr/toolchains/xtensa-espressif_esp32_zephyr-elf/bin/../lib/gcc/xtensa-espressif_esp32_zephyr-elf/12.1.0] ==> dir [/home/gez/sdks/zephyr/toolchains/xtensa-espressif_esp32_zephyr-elf/bin/../lib/gcc/xtensa-espressif_esp32_zephyr-elf/12.1.0]
    arg [-L/home/gez/sdks/zephyr/toolchains/xtensa-espressif_esp32_zephyr-elf/bin/../lib/gcc] ==> dir [/home/gez/sdks/zephyr/toolchains/xtensa-espressif_esp32_zephyr-elf/bin/../lib/gcc]
    arg [-L/home/gez/sdks/zephyr/toolchains/xtensa-espressif_esp32_zephyr-elf/bin/../lib/gcc/xtensa-espressif_esp32_zephyr-elf/12.1.0/../../../../xtensa-espressif_esp32_zephyr-elf/lib] ==> dir [/home/gez/sdks/zephyr/toolchains/xtensa-espressif_esp32_zephyr-elf/bin/../lib/gcc/xtensa-espressif_esp32_zephyr-elf/12.1.0/../../../../xtensa-espressif_esp32_zephyr-elf/lib]
    arg [CMakeFiles/cmTC_dab01.dir/CMakeCCompilerABI.c.obj] ==> ignore
  collapse library dir [/home/gez/sdks/zephyr/toolchains/xtensa-espressif_esp32_zephyr-elf/bin/../lib/gcc/xtensa-espressif_esp32_zephyr-elf/12.1.0] ==> [/home/gez/sdks/zephyr/toolchains/xtensa-espressif_esp32_zephyr-elf/lib/gcc/xtensa-espressif_esp32_zephyr-elf/12.1.0]
  collapse library dir [/home/gez/sdks/zephyr/toolchains/xtensa-espressif_esp32_zephyr-elf/bin/../lib/gcc] ==> [/home/gez/sdks/zephyr/toolchains/xtensa-espressif_esp32_zephyr-elf/lib/gcc]
  collapse library dir [/home/gez/sdks/zephyr/toolchains/xtensa-espressif_esp32_zephyr-elf/bin/../lib/gcc/xtensa-espressif_esp32_zephyr-elf/12.1.0/../../../../xtensa-espressif_esp32_zephyr-elf/lib] ==> [/home/gez/sdks/zephyr/toolchains/xtensa-espressif_esp32_zephyr-elf/xtensa-espressif_esp32_zephyr-elf/lib]
  implicit libs: []
  implicit objs: []
  implicit dirs: [/home/gez/sdks/zephyr/toolchains/xtensa-espressif_esp32_zephyr-elf/lib/gcc/xtensa-espressif_esp32_zephyr-elf/12.1.0;/home/gez/sdks/zephyr/toolchains/xtensa-espressif_esp32_zephyr-elf/lib/gcc;/home/gez/sdks/zephyr/toolchains/xtensa-espressif_esp32_zephyr-elf/xtensa-espressif_esp32_zephyr-elf/lib]
  implicit fwks: []


Detecting CXX compiler ABI info compiled with the following output:
Change Dir: /home/gez/workspaces/eclipse/esp_doom/build/esp-idf/build/bootloader/CMakeFiles/CMakeScratch/TryCompile-AWG8FI

Run Build Command(s):/usr/bin/ninja cmTC_c23d6 && [1/2] Building CXX object CMakeFiles/cmTC_c23d6.dir/CMakeCXXCompilerABI.cpp.obj
Using built-in specs.
COLLECT_GCC=/home/gez/sdks/zephyr/toolchains/xtensa-espressif_esp32_zephyr-elf/bin/xtensa-espressif_esp32_zephyr-elf-g++
Target: xtensa-espressif_esp32_zephyr-elf
Configured with: /__w/_temp/workspace/build/.build/xtensa-espressif_esp32_zephyr-elf/src/gcc/configure --build=x86_64-build_pc-linux-gnu --host=x86_64-build_pc-linux-gnu --target=xtensa-espressif_esp32_zephyr-elf --prefix=/__w/_temp/workspace/output/xtensa-espressif_esp32_zephyr-elf --exec_prefix=/__w/_temp/workspace/output/xtensa-espressif_esp32_zephyr-elf --with-local-prefix=/__w/_temp/workspace/output/xtensa-espressif_esp32_zephyr-elf/xtensa-espressif_esp32_zephyr-elf --with-headers=/__w/_temp/workspace/output/xtensa-espressif_esp32_zephyr-elf/xtensa-espressif_esp32_zephyr-elf/include --with-newlib --enable-threads=no --disable-shared --with-pkgversion='Zephyr SDK 0.15.0' --with-bugurl=https://github.com/zephyrproject-rtos/sdk-ng/issues --enable-__cxa_atexit --disable-libgomp --disable-libmudflap --disable-libmpx --disable-libssp --disable-libquadmath --disable-libquadmath-support --disable-libstdcxx-verbose --with-gmp=/__w/_temp/workspace/build/.build/xtensa-espressif_esp32_zephyr-elf/buildtools --with-mpfr=/__w/_temp/workspace/build/.build/xtensa-espressif_esp32_zephyr-elf/buildtools --with-mpc=/__w/_temp/workspace/build/.build/xtensa-espressif_esp32_zephyr-elf/buildtools --with-isl=/__w/_temp/workspace/build/.build/xtensa-espressif_esp32_zephyr-elf/buildtools --enable-lto --enable-target-optspace --disable-nls --disable-multilib --enable-languages=c,c++ --with-gnu-ld --with-gnu-as --enable-initfini-array
Thread model: single
Supported LTO compression algorithms: zlib
gcc version 12.1.0 (Zephyr SDK 0.15.0) 
COLLECT_GCC_OPTIONS='-mlongcalls' '-Wno-frame-address' '-v' '-o' 'CMakeFiles/cmTC_c23d6.dir/CMakeCXXCompilerABI.cpp.obj' '-c' '-dumpdir' 'CMakeFiles/cmTC_c23d6.dir/'
 /home/gez/sdks/zephyr/toolchains/xtensa-espressif_esp32_zephyr-elf/bin/../libexec/gcc/xtensa-espressif_esp32_zephyr-elf/12.1.0/cc1plus -quiet -v -iprefix /home/gez/sdks/zephyr/toolchains/xtensa-espressif_esp32_zephyr-elf/bin/../lib/gcc/xtensa-espressif_esp32_zephyr-elf/12.1.0/ /usr/share/cmake/Modules/CMakeCXXCompilerABI.cpp -quiet -dumpdir CMakeFiles/cmTC_c23d6.dir/ -dumpbase CMakeCXXCompilerABI.cpp.cpp -dumpbase-ext .cpp -mlongcalls -Wno-frame-address -version -o /tmp/cclp7vp2.s
GNU C++17 (Zephyr SDK 0.15.0) version 12.1.0 (xtensa-espressif_esp32_zephyr-elf)
	compiled by GNU C version 7.5.0, GMP version 6.2.1, MPFR version 4.1.0, MPC version 1.2.1, isl version isl-0.24-GMP

GGC heuristics: --param ggc-min-expand=100 --param ggc-min-heapsize=131072
ignoring duplicate directory "/home/gez/sdks/zephyr/toolchains/xtensa-espressif_esp32_zephyr-elf/bin/../lib/gcc/../../lib/gcc/xtensa-espressif_esp32_zephyr-elf/12.1.0/../../../../xtensa-espressif_esp32_zephyr-elf/include/c++/12.1.0"
ignoring duplicate directory "/home/gez/sdks/zephyr/toolchains/xtensa-espressif_esp32_zephyr-elf/bin/../lib/gcc/../../lib/gcc/xtensa-espressif_esp32_zephyr-elf/12.1.0/../../../../xtensa-espressif_esp32_zephyr-elf/include/c++/12.1.0/xtensa-espressif_esp32_zephyr-elf"
ignoring duplicate directory "/home/gez/sdks/zephyr/toolchains/xtensa-espressif_esp32_zephyr-elf/bin/../lib/gcc/../../lib/gcc/xtensa-espressif_esp32_zephyr-elf/12.1.0/../../../../xtensa-espressif_esp32_zephyr-elf/include/c++/12.1.0/backward"
ignoring duplicate directory "/home/gez/sdks/zephyr/toolchains/xtensa-espressif_esp32_zephyr-elf/bin/../lib/gcc/../../lib/gcc/xtensa-espressif_esp32_zephyr-elf/12.1.0/include"
ignoring duplicate directory "/home/gez/sdks/zephyr/toolchains/xtensa-espressif_esp32_zephyr-elf/bin/../lib/gcc/../../lib/gcc/xtensa-espressif_esp32_zephyr-elf/12.1.0/include-fixed"
ignoring duplicate directory "/home/gez/sdks/zephyr/toolchains/xtensa-espressif_esp32_zephyr-elf/bin/../lib/gcc/../../lib/gcc/xtensa-espressif_esp32_zephyr-elf/12.1.0/../../../../xtensa-espressif_esp32_zephyr-elf/sys-include"
ignoring duplicate directory "/home/gez/sdks/zephyr/toolchains/xtensa-espressif_esp32_zephyr-elf/bin/../lib/gcc/../../lib/gcc/xtensa-espressif_esp32_zephyr-elf/12.1.0/../../../../xtensa-espressif_esp32_zephyr-elf/include"
#include "..." search starts here:
#include <...> search starts here:
 /home/gez/sdks/zephyr/toolchains/xtensa-espressif_esp32_zephyr-elf/bin/../lib/gcc/xtensa-espressif_esp32_zephyr-elf/12.1.0/../../../../xtensa-espressif_esp32_zephyr-elf/include/c++/12.1.0
 /home/gez/sdks/zephyr/toolchains/xtensa-espressif_esp32_zephyr-elf/bin/../lib/gcc/xtensa-espressif_esp32_zephyr-elf/12.1.0/../../../../xtensa-espressif_esp32_zephyr-elf/include/c++/12.1.0/xtensa-espressif_esp32_zephyr-elf
 /home/gez/sdks/zephyr/toolchains/xtensa-espressif_esp32_zephyr-elf/bin/../lib/gcc/xtensa-espressif_esp32_zephyr-elf/12.1.0/../../../../xtensa-espressif_esp32_zephyr-elf/include/c++/12.1.0/backward
 /home/gez/sdks/zephyr/toolchains/xtensa-espressif_esp32_zephyr-elf/bin/../lib/gcc/xtensa-espressif_esp32_zephyr-elf/12.1.0/include
 /home/gez/sdks/zephyr/toolchains/xtensa-espressif_esp32_zephyr-elf/bin/../lib/gcc/xtensa-espressif_esp32_zephyr-elf/12.1.0/include-fixed
 /home/gez/sdks/zephyr/toolchains/xtensa-espressif_esp32_zephyr-elf/bin/../lib/gcc/xtensa-espressif_esp32_zephyr-elf/12.1.0/../../../../xtensa-espressif_esp32_zephyr-elf/sys-include
 /home/gez/sdks/zephyr/toolchains/xtensa-espressif_esp32_zephyr-elf/bin/../lib/gcc/xtensa-espressif_esp32_zephyr-elf/12.1.0/../../../../xtensa-espressif_esp32_zephyr-elf/include
End of search list.
GNU C++17 (Zephyr SDK 0.15.0) version 12.1.0 (xtensa-espressif_esp32_zephyr-elf)
	compiled by GNU C version 7.5.0, GMP version 6.2.1, MPFR version 4.1.0, MPC version 1.2.1, isl version isl-0.24-GMP

GGC heuristics: --param ggc-min-expand=100 --param ggc-min-heapsize=131072
Compiler executable checksum: b9f840db384fcecda7d6b8c22e656f12
COLLECT_GCC_OPTIONS='-mlongcalls' '-Wno-frame-address' '-v' '-o' 'CMakeFiles/cmTC_c23d6.dir/CMakeCXXCompilerABI.cpp.obj' '-c' '-dumpdir' 'CMakeFiles/cmTC_c23d6.dir/'
 /home/gez/sdks/zephyr/toolchains/xtensa-espressif_esp32_zephyr-elf/bin/../lib/gcc/xtensa-espressif_esp32_zephyr-elf/12.1.0/../../../../xtensa-espressif_esp32_zephyr-elf/bin/as -v --traditional-format --longcalls -o CMakeFiles/cmTC_c23d6.dir/CMakeCXXCompilerABI.cpp.obj /tmp/cclp7vp2.s
GNU assembler version 2.38 (xtensa-espressif_esp32_zephyr-elf) using BFD version (Zephyr SDK 0.15.0) 2.38
COMPILER_PATH=/home/gez/sdks/zephyr/toolchains/xtensa-espressif_esp32_zephyr-elf/bin/../libexec/gcc/xtensa-espressif_esp32_zephyr-elf/12.1.0/:/home/gez/sdks/zephyr/toolchains/xtensa-espressif_esp32_zephyr-elf/bin/../libexec/gcc/:/home/gez/sdks/zephyr/toolchains/xtensa-espressif_esp32_zephyr-elf/bin/../lib/gcc/xtensa-espressif_esp32_zephyr-elf/12.1.0/../../../../xtensa-espressif_esp32_zephyr-elf/bin/
LIBRARY_PATH=/home/gez/sdks/zephyr/toolchains/xtensa-espressif_esp32_zephyr-elf/bin/../lib/gcc/xtensa-espressif_esp32_zephyr-elf/12.1.0/:/home/gez/sdks/zephyr/toolchains/xtensa-espressif_esp32_zephyr-elf/bin/../lib/gcc/:/home/gez/sdks/zephyr/toolchains/xtensa-espressif_esp32_zephyr-elf/bin/../lib/gcc/xtensa-espressif_esp32_zephyr-elf/12.1.0/../../../../xtensa-espressif_esp32_zephyr-elf/lib/
COLLECT_GCC_OPTIONS='-mlongcalls' '-Wno-frame-address' '-v' '-o' 'CMakeFiles/cmTC_c23d6.dir/CMakeCXXCompilerABI.cpp.obj' '-c' '-dumpdir' 'CMakeFiles/cmTC_c23d6.dir/CMakeCXXCompilerABI.cpp.'
[2/2] Linking CXX executable cmTC_c23d6
Using built-in specs.
COLLECT_GCC=/home/gez/sdks/zephyr/toolchains/xtensa-espressif_esp32_zephyr-elf/bin/xtensa-espressif_esp32_zephyr-elf-g++
COLLECT_LTO_WRAPPER=/home/gez/sdks/zephyr/toolchains/xtensa-espressif_esp32_zephyr-elf/bin/../libexec/gcc/xtensa-espressif_esp32_zephyr-elf/12.1.0/lto-wrapper
Target: xtensa-espressif_esp32_zephyr-elf
Configured with: /__w/_temp/workspace/build/.build/xtensa-espressif_esp32_zephyr-elf/src/gcc/configure --build=x86_64-build_pc-linux-gnu --host=x86_64-build_pc-linux-gnu --target=xtensa-espressif_esp32_zephyr-elf --prefix=/__w/_temp/workspace/output/xtensa-espressif_esp32_zephyr-elf --exec_prefix=/__w/_temp/workspace/output/xtensa-espressif_esp32_zephyr-elf --with-local-prefix=/__w/_temp/workspace/output/xtensa-espressif_esp32_zephyr-elf/xtensa-espressif_esp32_zephyr-elf --with-headers=/__w/_temp/workspace/output/xtensa-espressif_esp32_zephyr-elf/xtensa-espressif_esp32_zephyr-elf/include --with-newlib --enable-threads=no --disable-shared --with-pkgversion='Zephyr SDK 0.15.0' --with-bugurl=https://github.com/zephyrproject-rtos/sdk-ng/issues --enable-__cxa_atexit --disable-libgomp --disable-libmudflap --disable-libmpx --disable-libssp --disable-libquadmath --disable-libquadmath-support --disable-libstdcxx-verbose --with-gmp=/__w/_temp/workspace/build/.build/xtensa-espressif_esp32_zephyr-elf/buildtools --with-mpfr=/__w/_temp/workspace/build/.build/xtensa-espressif_esp32_zephyr-elf/buildtools --with-mpc=/__w/_temp/workspace/build/.build/xtensa-espressif_esp32_zephyr-elf/buildtools --with-isl=/__w/_temp/workspace/build/.build/xtensa-espressif_esp32_zephyr-elf/buildtools --enable-lto --enable-target-optspace --disable-nls --disable-multilib --enable-languages=c,c++ --with-gnu-ld --with-gnu-as --enable-initfini-array
Thread model: single
Supported LTO compression algorithms: zlib
gcc version 12.1.0 (Zephyr SDK 0.15.0) 
COMPILER_PATH=/home/gez/sdks/zephyr/toolchains/xtensa-espressif_esp32_zephyr-elf/bin/../libexec/gcc/xtensa-espressif_esp32_zephyr-elf/12.1.0/:/home/gez/sdks/zephyr/toolchains/xtensa-espressif_esp32_zephyr-elf/bin/../libexec/gcc/:/home/gez/sdks/zephyr/toolchains/xtensa-espressif_esp32_zephyr-elf/bin/../lib/gcc/xtensa-espressif_esp32_zephyr-elf/12.1.0/../../../../xtensa-espressif_esp32_zephyr-elf/bin/
LIBRARY_PATH=/home/gez/sdks/zephyr/toolchains/xtensa-espressif_esp32_zephyr-elf/bin/../lib/gcc/xtensa-espressif_esp32_zephyr-elf/12.1.0/:/home/gez/sdks/zephyr/toolchains/xtensa-espressif_esp32_zephyr-elf/bin/../lib/gcc/:/home/gez/sdks/zephyr/toolchains/xtensa-espressif_esp32_zephyr-elf/bin/../lib/gcc/xtensa-espressif_esp32_zephyr-elf/12.1.0/../../../../xtensa-espressif_esp32_zephyr-elf/lib/
COLLECT_GCC_OPTIONS='-mlongcalls' '-Wno-frame-address' '-nostartfiles' '-nodefaultlibs' '-v' '-o' 'cmTC_c23d6' '-dumpdir' 'cmTC_c23d6.'
 /home/gez/sdks/zephyr/toolchains/xtensa-espressif_esp32_zephyr-elf/bin/../libexec/gcc/xtensa-espressif_esp32_zephyr-elf/12.1.0/collect2 -plugin /home/gez/sdks/zephyr/toolchains/xtensa-espressif_esp32_zephyr-elf/bin/../libexec/gcc/xtensa-espressif_esp32_zephyr-elf/12.1.0/liblto_plugin.so -plugin-opt=/home/gez/sdks/zephyr/toolchains/xtensa-espressif_esp32_zephyr-elf/bin/../libexec/gcc/xtensa-espressif_esp32_zephyr-elf/12.1.0/lto-wrapper -plugin-opt=-fresolution=/tmp/ccQKbgRd.res -o cmTC_c23d6 -L/home/gez/sdks/zephyr/toolchains/xtensa-espressif_esp32_zephyr-elf/bin/../lib/gcc/xtensa-espressif_esp32_zephyr-elf/12.1.0 -L/home/gez/sdks/zephyr/toolchains/xtensa-espressif_esp32_zephyr-elf/bin/../lib/gcc -L/home/gez/sdks/zephyr/toolchains/xtensa-espressif_esp32_zephyr-elf/bin/../lib/gcc/xtensa-espressif_esp32_zephyr-elf/12.1.0/../../../../xtensa-espressif_esp32_zephyr-elf/lib CMakeFiles/cmTC_c23d6.dir/CMakeCXXCompilerABI.cpp.obj
/home/gez/sdks/zephyr/toolchains/xtensa-espressif_esp32_zephyr-elf/bin/../lib/gcc/xtensa-espressif_esp32_zephyr-elf/12.1.0/../../../../xtensa-espressif_esp32_zephyr-elf/bin/ld: warning: cannot find entry symbol _start; defaulting to 0000000000400054
COLLECT_GCC_OPTIONS='-mlongcalls' '-Wno-frame-address' '-nostartfiles' '-nodefaultlibs' '-v' '-o' 'cmTC_c23d6' '-dumpdir' 'cmTC_c23d6.'



Parsed CXX implicit include dir info from above output: rv=done
  found start of include info
  found start of implicit include info
    add: [/home/gez/sdks/zephyr/toolchains/xtensa-espressif_esp32_zephyr-elf/bin/../lib/gcc/xtensa-espressif_esp32_zephyr-elf/12.1.0/../../../../xtensa-espressif_esp32_zephyr-elf/include/c++/12.1.0]
    add: [/home/gez/sdks/zephyr/toolchains/xtensa-espressif_esp32_zephyr-elf/bin/../lib/gcc/xtensa-espressif_esp32_zephyr-elf/12.1.0/../../../../xtensa-espressif_esp32_zephyr-elf/include/c++/12.1.0/xtensa-espressif_esp32_zephyr-elf]
    add: [/home/gez/sdks/zephyr/toolchains/xtensa-espressif_esp32_zephyr-elf/bin/../lib/gcc/xtensa-espressif_esp32_zephyr-elf/12.1.0/../../../../xtensa-espressif_esp32_zephyr-elf/include/c++/12.1.0/backward]
    add: [/home/gez/sdks/zephyr/toolchains/xtensa-espressif_esp32_zephyr-elf/bin/../lib/gcc/xtensa-espressif_esp32_zephyr-elf/12.1.0/include]
    add: [/home/gez/sdks/zephyr/toolchains/xtensa-espressif_esp32_zephyr-elf/bin/../lib/gcc/xtensa-espressif_esp32_zephyr-elf/12.1.0/include-fixed]
    add: [/home/gez/sdks/zephyr/toolchains/xtensa-espressif_esp32_zephyr-elf/bin/../lib/gcc/xtensa-espressif_esp32_zephyr-elf/12.1.0/../../../../xtensa-espressif_esp32_zephyr-elf/sys-include]
    add: [/home/gez/sdks/zephyr/toolchains/xtensa-espressif_esp32_zephyr-elf/bin/../lib/gcc/xtensa-espressif_esp32_zephyr-elf/12.1.0/../../../../xtensa-espressif_esp32_zephyr-elf/include]
  end of search list found
  collapse include dir [/home/gez/sdks/zephyr/toolchains/xtensa-espressif_esp32_zephyr-elf/bin/../lib/gcc/xtensa-espressif_esp32_zephyr-elf/12.1.0/../../../../xtensa-espressif_esp32_zephyr-elf/include/c++/12.1.0] ==> [/home/gez/sdks/zephyr/toolchains/xtensa-espressif_esp32_zephyr-elf/xtensa-espressif_esp32_zephyr-elf/include/c++/12.1.0]
  collapse include dir [/home/gez/sdks/zephyr/toolchains/xtensa-espressif_esp32_zephyr-elf/bin/../lib/gcc/xtensa-espressif_esp32_zephyr-elf/12.1.0/../../../../xtensa-espressif_esp32_zephyr-elf/include/c++/12.1.0/xtensa-espressif_esp32_zephyr-elf] ==> [/home/gez/sdks/zephyr/toolchains/xtensa-espressif_esp32_zephyr-elf/xtensa-espressif_esp32_zephyr-elf/include/c++/12.1.0/xtensa-espressif_esp32_zephyr-elf]
  collapse include dir [/home/gez/sdks/zephyr/toolchains/xtensa-espressif_esp32_zephyr-elf/bin/../lib/gcc/xtensa-espressif_esp32_zephyr-elf/12.1.0/../../../../xtensa-espressif_esp32_zephyr-elf/include/c++/12.1.0/backward] ==> [/home/gez/sdks/zephyr/toolchains/xtensa-espressif_esp32_zephyr-elf/xtensa-espressif_esp32_zephyr-elf/include/c++/12.1.0/backward]
  collapse include dir [/home/gez/sdks/zephyr/toolchains/xtensa-espressif_esp32_zephyr-elf/bin/../lib/gcc/xtensa-espressif_esp32_zephyr-elf/12.1.0/include] ==> [/home/gez/sdks/zephyr/toolchains/xtensa-espressif_esp32_zephyr-elf/lib/gcc/xtensa-espressif_esp32_zephyr-elf/12.1.0/include]
  collapse include dir [/home/gez/sdks/zephyr/toolchains/xtensa-espressif_esp32_zephyr-elf/bin/../lib/gcc/xtensa-espressif_esp32_zephyr-elf/12.1.0/include-fixed] ==> [/home/gez/sdks/zephyr/toolchains/xtensa-espressif_esp32_zephyr-elf/lib/gcc/xtensa-espressif_esp32_zephyr-elf/12.1.0/include-fixed]
  collapse include dir [/home/gez/sdks/zephyr/toolchains/xtensa-espressif_esp32_zephyr-elf/bin/../lib/gcc/xtensa-espressif_esp32_zephyr-elf/12.1.0/../../../../xtensa-espressif_esp32_zephyr-elf/sys-include] ==> [/home/gez/sdks/zephyr/toolchains/xtensa-espressif_esp32_zephyr-elf/xtensa-espressif_esp32_zephyr-elf/sys-include]
  collapse include dir [/home/gez/sdks/zephyr/toolchains/xtensa-espressif_esp32_zephyr-elf/bin/../lib/gcc/xtensa-espressif_esp32_zephyr-elf/12.1.0/../../../../xtensa-espressif_esp32_zephyr-elf/include] ==> [/home/gez/sdks/zephyr/toolchains/xtensa-espressif_esp32_zephyr-elf/xtensa-espressif_esp32_zephyr-elf/include]
  implicit include dirs: [/home/gez/sdks/zephyr/toolchains/xtensa-espressif_esp32_zephyr-elf/xtensa-espressif_esp32_zephyr-elf/include/c++/12.1.0;/home/gez/sdks/zephyr/toolchains/xtensa-espressif_esp32_zephyr-elf/xtensa-espressif_esp32_zephyr-elf/include/c++/12.1.0/xtensa-espressif_esp32_zephyr-elf;/home/gez/sdks/zephyr/toolchains/xtensa-espressif_esp32_zephyr-elf/xtensa-espressif_esp32_zephyr-elf/include/c++/12.1.0/backward;/home/gez/sdks/zephyr/toolchains/xtensa-espressif_esp32_zephyr-elf/lib/gcc/xtensa-espressif_esp32_zephyr-elf/12.1.0/include;/home/gez/sdks/zephyr/toolchains/xtensa-espressif_esp32_zephyr-elf/lib/gcc/xtensa-espressif_esp32_zephyr-elf/12.1.0/include-fixed;/home/gez/sdks/zephyr/toolchains/xtensa-espressif_esp32_zephyr-elf/xtensa-espressif_esp32_zephyr-elf/sys-include;/home/gez/sdks/zephyr/toolchains/xtensa-espressif_esp32_zephyr-elf/xtensa-espressif_esp32_zephyr-elf/include]


Parsed CXX implicit link information from above output:
  link line regex: [^( *|.*[/\])(xtensa-espressif_esp32_zephyr-elf-ld|CMAKE_LINK_STARTFILE-NOTFOUND|([^/\]+-)?ld|collect2)[^/\]*( |$)]
  ignore line: [Change Dir: /home/gez/workspaces/eclipse/esp_doom/build/esp-idf/build/bootloader/CMakeFiles/CMakeScratch/TryCompile-AWG8FI]
  ignore line: []
  ignore line: [Run Build Command(s):/usr/bin/ninja cmTC_c23d6 && [1/2] Building CXX object CMakeFiles/cmTC_c23d6.dir/CMakeCXXCompilerABI.cpp.obj]
  ignore line: [Using built-in specs.]
  ignore line: [COLLECT_GCC=/home/gez/sdks/zephyr/toolchains/xtensa-espressif_esp32_zephyr-elf/bin/xtensa-espressif_esp32_zephyr-elf-g++]
  ignore line: [Target: xtensa-espressif_esp32_zephyr-elf]
  ignore line: [Configured with: /__w/_temp/workspace/build/.build/xtensa-espressif_esp32_zephyr-elf/src/gcc/configure --build=x86_64-build_pc-linux-gnu --host=x86_64-build_pc-linux-gnu --target=xtensa-espressif_esp32_zephyr-elf --prefix=/__w/_temp/workspace/output/xtensa-espressif_esp32_zephyr-elf --exec_prefix=/__w/_temp/workspace/output/xtensa-espressif_esp32_zephyr-elf --with-local-prefix=/__w/_temp/workspace/output/xtensa-espressif_esp32_zephyr-elf/xtensa-espressif_esp32_zephyr-elf --with-headers=/__w/_temp/workspace/output/xtensa-espressif_esp32_zephyr-elf/xtensa-espressif_esp32_zephyr-elf/include --with-newlib --enable-threads=no --disable-shared --with-pkgversion='Zephyr SDK 0.15.0' --with-bugurl=https://github.com/zephyrproject-rtos/sdk-ng/issues --enable-__cxa_atexit --disable-libgomp --disable-libmudflap --disable-libmpx --disable-libssp --disable-libquadmath --disable-libquadmath-support --disable-libstdcxx-verbose --with-gmp=/__w/_temp/workspace/build/.build/xtensa-espressif_esp32_zephyr-elf/buildtools --with-mpfr=/__w/_temp/workspace/build/.build/xtensa-espressif_esp32_zephyr-elf/buildtools --with-mpc=/__w/_temp/workspace/build/.build/xtensa-espressif_esp32_zephyr-elf/buildtools --with-isl=/__w/_temp/workspace/build/.build/xtensa-espressif_esp32_zephyr-elf/buildtools --enable-lto --enable-target-optspace --disable-nls --disable-multilib --enable-languages=c,c++ --with-gnu-ld --with-gnu-as --enable-initfini-array]
  ignore line: [Thread model: single]
  ignore line: [Supported LTO compression algorithms: zlib]
  ignore line: [gcc version 12.1.0 (Zephyr SDK 0.15.0) ]
  ignore line: [COLLECT_GCC_OPTIONS='-mlongcalls' '-Wno-frame-address' '-v' '-o' 'CMakeFiles/cmTC_c23d6.dir/CMakeCXXCompilerABI.cpp.obj' '-c' '-dumpdir' 'CMakeFiles/cmTC_c23d6.dir/']
  ignore line: [ /home/gez/sdks/zephyr/toolchains/xtensa-espressif_esp32_zephyr-elf/bin/../libexec/gcc/xtensa-espressif_esp32_zephyr-elf/12.1.0/cc1plus -quiet -v -iprefix /home/gez/sdks/zephyr/toolchains/xtensa-espressif_esp32_zephyr-elf/bin/../lib/gcc/xtensa-espressif_esp32_zephyr-elf/12.1.0/ /usr/share/cmake/Modules/CMakeCXXCompilerABI.cpp -quiet -dumpdir CMakeFiles/cmTC_c23d6.dir/ -dumpbase CMakeCXXCompilerABI.cpp.cpp -dumpbase-ext .cpp -mlongcalls -Wno-frame-address -version -o /tmp/cclp7vp2.s]
  ignore line: [GNU C++17 (Zephyr SDK 0.15.0) version 12.1.0 (xtensa-espressif_esp32_zephyr-elf)]
  ignore line: [	compiled by GNU C version 7.5.0  GMP version 6.2.1  MPFR version 4.1.0  MPC version 1.2.1  isl version isl-0.24-GMP]
  ignore line: []
  ignore line: [GGC heuristics: --param ggc-min-expand=100 --param ggc-min-heapsize=131072]
  ignore line: [ignoring duplicate directory "/home/gez/sdks/zephyr/toolchains/xtensa-espressif_esp32_zephyr-elf/bin/../lib/gcc/../../lib/gcc/xtensa-espressif_esp32_zephyr-elf/12.1.0/../../../../xtensa-espressif_esp32_zephyr-elf/include/c++/12.1.0"]
  ignore line: [ignoring duplicate directory "/home/gez/sdks/zephyr/toolchains/xtensa-espressif_esp32_zephyr-elf/bin/../lib/gcc/../../lib/gcc/xtensa-espressif_esp32_zephyr-elf/12.1.0/../../../../xtensa-espressif_esp32_zephyr-elf/include/c++/12.1.0/xtensa-espressif_esp32_zephyr-elf"]
  ignore line: [ignoring duplicate directory "/home/gez/sdks/zephyr/toolchains/xtensa-espressif_esp32_zephyr-elf/bin/../lib/gcc/../../lib/gcc/xtensa-espressif_esp32_zephyr-elf/12.1.0/../../../../xtensa-espressif_esp32_zephyr-elf/include/c++/12.1.0/backward"]
  ignore line: [ignoring duplicate directory "/home/gez/sdks/zephyr/toolchains/xtensa-espressif_esp32_zephyr-elf/bin/../lib/gcc/../../lib/gcc/xtensa-espressif_esp32_zephyr-elf/12.1.0/include"]
  ignore line: [ignoring duplicate directory "/home/gez/sdks/zephyr/toolchains/xtensa-espressif_esp32_zephyr-elf/bin/../lib/gcc/../../lib/gcc/xtensa-espressif_esp32_zephyr-elf/12.1.0/include-fixed"]
  ignore line: [ignoring duplicate directory "/home/gez/sdks/zephyr/toolchains/xtensa-espressif_esp32_zephyr-elf/bin/../lib/gcc/../../lib/gcc/xtensa-espressif_esp32_zephyr-elf/12.1.0/../../../../xtensa-espressif_esp32_zephyr-elf/sys-include"]
  ignore line: [ignoring duplicate directory "/home/gez/sdks/zephyr/toolchains/xtensa-espressif_esp32_zephyr-elf/bin/../lib/gcc/../../lib/gcc/xtensa-espressif_esp32_zephyr-elf/12.1.0/../../../../xtensa-espressif_esp32_zephyr-elf/include"]
  ignore line: [#include "..." search starts here:]
  ignore line: [#include <...> search starts here:]
  ignore line: [ /home/gez/sdks/zephyr/toolchains/xtensa-espressif_esp32_zephyr-elf/bin/../lib/gcc/xtensa-espressif_esp32_zephyr-elf/12.1.0/../../../../xtensa-espressif_esp32_zephyr-elf/include/c++/12.1.0]
  ignore line: [ /home/gez/sdks/zephyr/toolchains/xtensa-espressif_esp32_zephyr-elf/bin/../lib/gcc/xtensa-espressif_esp32_zephyr-elf/12.1.0/../../../../xtensa-espressif_esp32_zephyr-elf/include/c++/12.1.0/xtensa-espressif_esp32_zephyr-elf]
  ignore line: [ /home/gez/sdks/zephyr/toolchains/xtensa-espressif_esp32_zephyr-elf/bin/../lib/gcc/xtensa-espressif_esp32_zephyr-elf/12.1.0/../../../../xtensa-espressif_esp32_zephyr-elf/include/c++/12.1.0/backward]
  ignore line: [ /home/gez/sdks/zephyr/toolchains/xtensa-espressif_esp32_zephyr-elf/bin/../lib/gcc/xtensa-espressif_esp32_zephyr-elf/12.1.0/include]
  ignore line: [ /home/gez/sdks/zephyr/toolchains/xtensa-espressif_esp32_zephyr-elf/bin/../lib/gcc/xtensa-espressif_esp32_zephyr-elf/12.1.0/include-fixed]
  ignore line: [ /home/gez/sdks/zephyr/toolchains/xtensa-espressif_esp32_zephyr-elf/bin/../lib/gcc/xtensa-espressif_esp32_zephyr-elf/12.1.0/../../../../xtensa-espressif_esp32_zephyr-elf/sys-include]
  ignore line: [ /home/gez/sdks/zephyr/toolchains/xtensa-espressif_esp32_zephyr-elf/bin/../lib/gcc/xtensa-espressif_esp32_zephyr-elf/12.1.0/../../../../xtensa-espressif_esp32_zephyr-elf/include]
  ignore line: [End of search list.]
  ignore line: [GNU C++17 (Zephyr SDK 0.15.0) version 12.1.0 (xtensa-espressif_esp32_zephyr-elf)]
  ignore line: [	compiled by GNU C version 7.5.0  GMP version 6.2.1  MPFR version 4.1.0  MPC version 1.2.1  isl version isl-0.24-GMP]
  ignore line: []
  ignore line: [GGC heuristics: --param ggc-min-expand=100 --param ggc-min-heapsize=131072]
  ignore line: [Compiler executable checksum: b9f840db384fcecda7d6b8c22e656f12]
  ignore line: [COLLECT_GCC_OPTIONS='-mlongcalls' '-Wno-frame-address' '-v' '-o' 'CMakeFiles/cmTC_c23d6.dir/CMakeCXXCompilerABI.cpp.obj' '-c' '-dumpdir' 'CMakeFiles/cmTC_c23d6.dir/']
  ignore line: [ /home/gez/sdks/zephyr/toolchains/xtensa-espressif_esp32_zephyr-elf/bin/../lib/gcc/xtensa-espressif_esp32_zephyr-elf/12.1.0/../../../../xtensa-espressif_esp32_zephyr-elf/bin/as -v --traditional-format --longcalls -o CMakeFiles/cmTC_c23d6.dir/CMakeCXXCompilerABI.cpp.obj /tmp/cclp7vp2.s]
  ignore line: [GNU assembler version 2.38 (xtensa-espressif_esp32_zephyr-elf) using BFD version (Zephyr SDK 0.15.0) 2.38]
  ignore line: [COMPILER_PATH=/home/gez/sdks/zephyr/toolchains/xtensa-espressif_esp32_zephyr-elf/bin/../libexec/gcc/xtensa-espressif_esp32_zephyr-elf/12.1.0/:/home/gez/sdks/zephyr/toolchains/xtensa-espressif_esp32_zephyr-elf/bin/../libexec/gcc/:/home/gez/sdks/zephyr/toolchains/xtensa-espressif_esp32_zephyr-elf/bin/../lib/gcc/xtensa-espressif_esp32_zephyr-elf/12.1.0/../../../../xtensa-espressif_esp32_zephyr-elf/bin/]
  ignore line: [LIBRARY_PATH=/home/gez/sdks/zephyr/toolchains/xtensa-espressif_esp32_zephyr-elf/bin/../lib/gcc/xtensa-espressif_esp32_zephyr-elf/12.1.0/:/home/gez/sdks/zephyr/toolchains/xtensa-espressif_esp32_zephyr-elf/bin/../lib/gcc/:/home/gez/sdks/zephyr/toolchains/xtensa-espressif_esp32_zephyr-elf/bin/../lib/gcc/xtensa-espressif_esp32_zephyr-elf/12.1.0/../../../../xtensa-espressif_esp32_zephyr-elf/lib/]
  ignore line: [COLLECT_GCC_OPTIONS='-mlongcalls' '-Wno-frame-address' '-v' '-o' 'CMakeFiles/cmTC_c23d6.dir/CMakeCXXCompilerABI.cpp.obj' '-c' '-dumpdir' 'CMakeFiles/cmTC_c23d6.dir/CMakeCXXCompilerABI.cpp.']
  ignore line: [[2/2] Linking CXX executable cmTC_c23d6]
  ignore line: [Using built-in specs.]
  ignore line: [COLLECT_GCC=/home/gez/sdks/zephyr/toolchains/xtensa-espressif_esp32_zephyr-elf/bin/xtensa-espressif_esp32_zephyr-elf-g++]
  ignore line: [COLLECT_LTO_WRAPPER=/home/gez/sdks/zephyr/toolchains/xtensa-espressif_esp32_zephyr-elf/bin/../libexec/gcc/xtensa-espressif_esp32_zephyr-elf/12.1.0/lto-wrapper]
  ignore line: [Target: xtensa-espressif_esp32_zephyr-elf]
  ignore line: [Configured with: /__w/_temp/workspace/build/.build/xtensa-espressif_esp32_zephyr-elf/src/gcc/configure --build=x86_64-build_pc-linux-gnu --host=x86_64-build_pc-linux-gnu --target=xtensa-espressif_esp32_zephyr-elf --prefix=/__w/_temp/workspace/output/xtensa-espressif_esp32_zephyr-elf --exec_prefix=/__w/_temp/workspace/output/xtensa-espressif_esp32_zephyr-elf --with-local-prefix=/__w/_temp/workspace/output/xtensa-espressif_esp32_zephyr-elf/xtensa-espressif_esp32_zephyr-elf --with-headers=/__w/_temp/workspace/output/xtensa-espressif_esp32_zephyr-elf/xtensa-espressif_esp32_zephyr-elf/include --with-newlib --enable-threads=no --disable-shared --with-pkgversion='Zephyr SDK 0.15.0' --with-bugurl=https://github.com/zephyrproject-rtos/sdk-ng/issues --enable-__cxa_atexit --disable-libgomp --disable-libmudflap --disable-libmpx --disable-libssp --disable-libquadmath --disable-libquadmath-support --disable-libstdcxx-verbose --with-gmp=/__w/_temp/workspace/build/.build/xtensa-espressif_esp32_zephyr-elf/buildtools --with-mpfr=/__w/_temp/workspace/build/.build/xtensa-espressif_esp32_zephyr-elf/buildtools --with-mpc=/__w/_temp/workspace/build/.build/xtensa-espressif_esp32_zephyr-elf/buildtools --with-isl=/__w/_temp/workspace/build/.build/xtensa-espressif_esp32_zephyr-elf/buildtools --enable-lto --enable-target-optspace --disable-nls --disable-multilib --enable-languages=c,c++ --with-gnu-ld --with-gnu-as --enable-initfini-array]
  ignore line: [Thread model: single]
  ignore line: [Supported LTO compression algorithms: zlib]
  ignore line: [gcc version 12.1.0 (Zephyr SDK 0.15.0) ]
  ignore line: [COMPILER_PATH=/home/gez/sdks/zephyr/toolchains/xtensa-espressif_esp32_zephyr-elf/bin/../libexec/gcc/xtensa-espressif_esp32_zephyr-elf/12.1.0/:/home/gez/sdks/zephyr/toolchains/xtensa-espressif_esp32_zephyr-elf/bin/../libexec/gcc/:/home/gez/sdks/zephyr/toolchains/xtensa-espressif_esp32_zephyr-elf/bin/../lib/gcc/xtensa-espressif_esp32_zephyr-elf/12.1.0/../../../../xtensa-espressif_esp32_zephyr-elf/bin/]
  ignore line: [LIBRARY_PATH=/home/gez/sdks/zephyr/toolchains/xtensa-espressif_esp32_zephyr-elf/bin/../lib/gcc/xtensa-espressif_esp32_zephyr-elf/12.1.0/:/home/gez/sdks/zephyr/toolchains/xtensa-espressif_esp32_zephyr-elf/bin/../lib/gcc/:/home/gez/sdks/zephyr/toolchains/xtensa-espressif_esp32_zephyr-elf/bin/../lib/gcc/xtensa-espressif_esp32_zephyr-elf/12.1.0/../../../../xtensa-espressif_esp32_zephyr-elf/lib/]
  ignore line: [COLLECT_GCC_OPTIONS='-mlongcalls' '-Wno-frame-address' '-nostartfiles' '-nodefaultlibs' '-v' '-o' 'cmTC_c23d6' '-dumpdir' 'cmTC_c23d6.']
  link line: [ /home/gez/sdks/zephyr/toolchains/xtensa-espressif_esp32_zephyr-elf/bin/../libexec/gcc/xtensa-espressif_esp32_zephyr-elf/12.1.0/collect2 -plugin /home/gez/sdks/zephyr/toolchains/xtensa-espressif_esp32_zephyr-elf/bin/../libexec/gcc/xtensa-espressif_esp32_zephyr-elf/12.1.0/liblto_plugin.so -plugin-opt=/home/gez/sdks/zephyr/toolchains/xtensa-espressif_esp32_zephyr-elf/bin/../libexec/gcc/xtensa-espressif_esp32_zephyr-elf/12.1.0/lto-wrapper -plugin-opt=-fresolution=/tmp/ccQKbgRd.res -o cmTC_c23d6 -L/home/gez/sdks/zephyr/toolchains/xtensa-espressif_esp32_zephyr-elf/bin/../lib/gcc/xtensa-espressif_esp32_zephyr-elf/12.1.0 -L/home/gez/sdks/zephyr/toolchains/xtensa-espressif_esp32_zephyr-elf/bin/../lib/gcc -L/home/gez/sdks/zephyr/toolchains/xtensa-espressif_esp32_zephyr-elf/bin/../lib/gcc/xtensa-espressif_esp32_zephyr-elf/12.1.0/../../../../xtensa-espressif_esp32_zephyr-elf/lib CMakeFiles/cmTC_c23d6.dir/CMakeCXXCompilerABI.cpp.obj]
    arg [/home/gez/sdks/zephyr/toolchains/xtensa-espressif_esp32_zephyr-elf/bin/../libexec/gcc/xtensa-espressif_esp32_zephyr-elf/12.1.0/collect2] ==> ignore
    arg [-plugin] ==> ignore
    arg [/home/gez/sdks/zephyr/toolchains/xtensa-espressif_esp32_zephyr-elf/bin/../libexec/gcc/xtensa-espressif_esp32_zephyr-elf/12.1.0/liblto_plugin.so] ==> ignore
    arg [-plugin-opt=/home/gez/sdks/zephyr/toolchains/xtensa-espressif_esp32_zephyr-elf/bin/../libexec/gcc/xtensa-espressif_esp32_zephyr-elf/12.1.0/lto-wrapper] ==> ignore
    arg [-plugin-opt=-fresolution=/tmp/ccQKbgRd.res] ==> ignore
    arg [-o] ==> ignore
    arg [cmTC_c23d6] ==> ignore
    arg [-L/home/gez/sdks/zephyr/toolchains/xtensa-espressif_esp32_zephyr-elf/bin/../lib/gcc/xtensa-espressif_esp32_zephyr-elf/12.1.0] ==> dir [/home/gez/sdks/zephyr/toolchains/xtensa-espressif_esp32_zephyr-elf/bin/../lib/gcc/xtensa-espressif_esp32_zephyr-elf/12.1.0]
    arg [-L/home/gez/sdks/zephyr/toolchains/xtensa-espressif_esp32_zephyr-elf/bin/../lib/gcc] ==> dir [/home/gez/sdks/zephyr/toolchains/xtensa-espressif_esp32_zephyr-elf/bin/../lib/gcc]
    arg [-L/home/gez/sdks/zephyr/toolchains/xtensa-espressif_esp32_zephyr-elf/bin/../lib/gcc/xtensa-espressif_esp32_zephyr-elf/12.1.0/../../../../xtensa-espressif_esp32_zephyr-elf/lib] ==> dir [/home/gez/sdks/zephyr/toolchains/xtensa-espressif_esp32_zephyr-elf/bin/../lib/gcc/xtensa-espressif_esp32_zephyr-elf/12.1.0/../../../../xtensa-espressif_esp32_zephyr-elf/lib]
    arg [CMakeFiles/cmTC_c23d6.dir/CMakeCXXCompilerABI.cpp.obj] ==> ignore
  collapse library dir [/home/gez/sdks/zephyr/toolchains/xtensa-espressif_esp32_zephyr-elf/bin/../lib/gcc/xtensa-espressif_esp32_zephyr-elf/12.1.0] ==> [/home/gez/sdks/zephyr/toolchains/xtensa-espressif_esp32_zephyr-elf/lib/gcc/xtensa-espressif_esp32_zephyr-elf/12.1.0]
  collapse library dir [/home/gez/sdks/zephyr/toolchains/xtensa-espressif_esp32_zephyr-elf/bin/../lib/gcc] ==> [/home/gez/sdks/zephyr/toolchains/xtensa-espressif_esp32_zephyr-elf/lib/gcc]
  collapse library dir [/home/gez/sdks/zephyr/toolchains/xtensa-espressif_esp32_zephyr-elf/bin/../lib/gcc/xtensa-espressif_esp32_zephyr-elf/12.1.0/../../../../xtensa-espressif_esp32_zephyr-elf/lib] ==> [/home/gez/sdks/zephyr/toolchains/xtensa-espressif_esp32_zephyr-elf/xtensa-espressif_esp32_zephyr-elf/lib]
  implicit libs: []
  implicit objs: []
  implicit dirs: [/home/gez/sdks/zephyr/toolchains/xtensa-espressif_esp32_zephyr-elf/lib/gcc/xtensa-espressif_esp32_zephyr-elf/12.1.0;/home/gez/sdks/zephyr/toolchains/xtensa-espressif_esp32_zephyr-elf/lib/gcc;/home/gez/sdks/zephyr/toolchains/xtensa-espressif_esp32_zephyr-elf/xtensa-espressif_esp32_zephyr-elf/lib]
  implicit fwks: []


